android/app/build/intermediates/manifest_merge_blame_file/debug/manifest-merger-blame-debug-report.txt
1<?xml version="1.0" encoding="utf-8"?>
2<manifest xmlns:android="http://schemas.android.com/apk/res/android"
3    package="com.analogicapp"
4    android:versionCode="1"
5    android:versionName="1.0" >
6
7    <uses-sdk
8        android:minSdkVersion="18"
9        android:targetSdkVersion="28" />
10
11    <uses-permission android:name="android.permission.SYSTEM_ALERT_WINDOW" />
11-->src/debug/AndroidManifest.xml:5:5-77
11-->src/debug/AndroidManifest.xml:5:22-75
12    <uses-permission android:name="android.permission.INTERNET" />
12-->src/main/AndroidManifest.xml:4:5-67
12-->src/main/AndroidManifest.xml:4:22-64
13    <uses-permission android:name="android.permission.BLUETOOTH" />
13-->src/main/AndroidManifest.xml:5:5-67
13-->src/main/AndroidManifest.xml:5:22-65
14    <uses-permission android:name="android.permission.BLUETOOTH_ADMIN" />
14-->src/main/AndroidManifest.xml:6:5-73
14-->src/main/AndroidManifest.xml:6:22-71
15    <uses-permission android:name="android.permission.ACCESS_COARSE_LOCATION" />
15-->src/main/AndroidManifest.xml:7:5-81
15-->src/main/AndroidManifest.xml:7:22-78
16
17    <uses-feature
17-->[:react-native-ble-manager] AndroidManifest.xml:11:5-13:36
18        android:name="android.hardware.bluetooth_le"
18-->[:react-native-ble-manager] AndroidManifest.xml:12:9-53
19        android:required="false" />
19-->[:react-native-ble-manager] AndroidManifest.xml:13:9-33
20
21    <uses-permission android:name="android.permission.ACCESS_NETWORK_STATE" />
21-->[:@react-native-community_netinfo] AndroidManifest.xml:9:5-79
21-->[:@react-native-community_netinfo] AndroidManifest.xml:9:22-76
22    <uses-permission android:name="android.permission.ACCESS_WIFI_STATE" />
22-->[:@react-native-community_netinfo] AndroidManifest.xml:10:5-76
22-->[:@react-native-community_netinfo] AndroidManifest.xml:10:22-73
23
24    <uses-permission-sdk-23 android:name="android.permission.ACCESS_COARSE_LOCATION" /> <!-- Required by older versions of Google Play services to create IID tokens -->
24-->[com.polidea.rxandroidble:rxandroidble:1.7.0] AndroidManifest.xml:14:5-88
24-->[com.polidea.rxandroidble:rxandroidble:1.7.0] AndroidManifest.xml:14:29-85
25    <uses-permission android:name="com.google.android.c2dm.permission.RECEIVE" />
25-->[com.google.android.gms:play-services-iid:17.0.0] AndroidManifest.xml:23:5-82
25-->[com.google.android.gms:play-services-iid:17.0.0] AndroidManifest.xml:23:22-79
26
27    <application
27-->src/main/AndroidManifest.xml:8:5-30:19
28        android:name="com.analogicapp.MainApplication"
28-->src/main/AndroidManifest.xml:9:7-38
29        android:allowBackup="false"
29-->src/main/AndroidManifest.xml:13:7-34
30        android:appComponentFactory="androidx.core.app.CoreComponentFactory"
30-->[androidx.core:core:1.0.0] AndroidManifest.xml:22:18-86
31        android:debuggable="true"
32        android:icon="@mipmap/ic_launcher"
32-->src/main/AndroidManifest.xml:11:7-41
33        android:label="@string/app_name"
33-->src/main/AndroidManifest.xml:10:7-39
34        android:roundIcon="@mipmap/ic_launcher_round"
34-->src/main/AndroidManifest.xml:12:7-52
35        android:testOnly="true"
36        android:theme="@style/AppTheme"
36-->src/main/AndroidManifest.xml:14:7-38
37        android:usesCleartextTraffic="true" >
37-->src/main/AndroidManifest.xml:15:7-42
38        <activity
38-->src/main/AndroidManifest.xml:18:7-28:18
39            android:name="com.analogicapp.MainActivity"
39-->src/main/AndroidManifest.xml:19:9-37
40            android:configChanges="keyboard|keyboardHidden|orientation|screenSize"
40-->src/main/AndroidManifest.xml:21:9-79
41            android:label="@string/app_name"
41-->src/main/AndroidManifest.xml:20:9-41
42            android:screenOrientation="sensorPortrait"
42-->src/main/AndroidManifest.xml:22:9-51
43            android:windowSoftInputMode="adjustResize" >
43-->src/main/AndroidManifest.xml:23:9-51
44            <intent-filter>
44-->src/main/AndroidManifest.xml:24:9-27:25
45                <action android:name="android.intent.action.MAIN" />
45-->src/main/AndroidManifest.xml:25:13-65
45-->src/main/AndroidManifest.xml:25:21-62
46
47                <category android:name="android.intent.category.LAUNCHER" />
47-->src/main/AndroidManifest.xml:26:13-73
47-->src/main/AndroidManifest.xml:26:23-70
48            </intent-filter>
49        </activity>
50        <activity android:name="com.facebook.react.devsupport.DevSettingsActivity" />
50-->src/main/AndroidManifest.xml:29:7-84
50-->src/main/AndroidManifest.xml:29:17-81
51
52        <receiver
52-->[:react-native-device-info] AndroidManifest.xml:12:9-19:20
53            android:name="com.learnium.RNDeviceInfo.RNDeviceReceiver"
53-->[:react-native-device-info] AndroidManifest.xml:13:13-70
54            android:enabled="true"
54-->[:react-native-device-info] AndroidManifest.xml:14:13-35
55            android:exported="true" >
55-->[:react-native-device-info] AndroidManifest.xml:15:13-36
56            <intent-filter>
56-->[:react-native-device-info] AndroidManifest.xml:16:13-18:29
57                <action android:name="com.android.vending.INSTALL_REFERRER" />
57-->[:react-native-device-info] AndroidManifest.xml:17:17-79
57-->[:react-native-device-info] AndroidManifest.xml:17:25-76
58            </intent-filter>
59        </receiver>
60
61        <provider
61-->[:react-native-webview] AndroidManifest.xml:12:9-20:20
62            android:name="com.reactnativecommunity.webview.RNCWebViewFileProvider"
62-->[:react-native-webview] AndroidManifest.xml:13:13-83
63            android:authorities="com.analogicapp.fileprovider"
63-->[:react-native-webview] AndroidManifest.xml:14:13-64
64            android:exported="false"
64-->[:react-native-webview] AndroidManifest.xml:15:13-37
65            android:grantUriPermissions="true" >
65-->[:react-native-webview] AndroidManifest.xml:16:13-47
66            <meta-data
66-->[:react-native-webview] AndroidManifest.xml:17:13-19:63
67                android:name="android.support.FILE_PROVIDER_PATHS"
67-->[:react-native-webview] AndroidManifest.xml:18:17-67
68                android:resource="@xml/file_provider_paths" />
68-->[:react-native-webview] AndroidManifest.xml:19:17-60
69        </provider>
70
71        <activity
71-->[com.google.android.gms:play-services-base:17.0.0] AndroidManifest.xml:23:9-26:75
72            android:name="com.google.android.gms.common.api.GoogleApiActivity"
72-->[com.google.android.gms:play-services-base:17.0.0] AndroidManifest.xml:24:13-79
73            android:exported="false"
73-->[com.google.android.gms:play-services-base:17.0.0] AndroidManifest.xml:25:13-37
74            android:theme="@android:style/Theme.Translucent.NoTitleBar" />
74-->[com.google.android.gms:play-services-base:17.0.0] AndroidManifest.xml:26:13-72
75
76        <meta-data
76-->[com.google.android.gms:play-services-basement:17.0.0] AndroidManifest.xml:23:9-25:69
77            android:name="com.google.android.gms.version"
77-->[com.google.android.gms:play-services-basement:17.0.0] AndroidManifest.xml:24:13-58
78            android:value="@integer/google_play_services_version" />
78-->[com.google.android.gms:play-services-basement:17.0.0] AndroidManifest.xml:25:13-66
79    </application>
80
81</manifest>